2024-12-18 15:40:26,038 - root - DEBUG - Подключение к базе 'eng_card'
2024-12-18 15:40:28,212 - urllib3.connectionpool - DEBUG - Starting new HTTPS connection (1): api.telegram.org:443
2024-12-18 15:40:28,435 - urllib3.connectionpool - DEBUG - https://api.telegram.org:443 "GET /bot7441387618:AAExY1FJfdTln7Ij8HfYxxFaBzt280Cflf4/getMe HTTP/11" 200 258
2024-12-18 15:40:28,443 - urllib3.connectionpool - DEBUG - Starting new HTTPS connection (1): api.telegram.org:443
2024-12-18 15:40:48,681 - urllib3.connectionpool - DEBUG - https://api.telegram.org:443 "GET /bot7441387618:AAExY1FJfdTln7Ij8HfYxxFaBzt280Cflf4/getUpdates?offset=1&timeout=20 HTTP/11" 200 23
2024-12-18 15:41:08,759 - urllib3.connectionpool - DEBUG - https://api.telegram.org:443 "GET /bot7441387618:AAExY1FJfdTln7Ij8HfYxxFaBzt280Cflf4/getUpdates?offset=1&timeout=20 HTTP/11" 200 23
2024-12-18 15:41:16,943 - urllib3.connectionpool - DEBUG - https://api.telegram.org:443 "GET /bot7441387618:AAExY1FJfdTln7Ij8HfYxxFaBzt280Cflf4/getUpdates?offset=1&timeout=20 HTTP/11" 200 371
2024-12-18 15:41:16,947 - root - DEBUG - 
Message received: <class 'telebot.types.Message'> text
    User id:    638118100  KEvgeniiI
    Chat:       638118100  private
    Text:       book
    JSON:       
{
    "message_id": 105,
    "from": {
        "id": 638118100,
        "is_bot": false,
        "first_name": "\u0415\u0432\u0433\u0435\u043d\u0438\u0439",
        "username": "KEvgeniiI",
        "language_code": "ru"
    },
    "chat": {
        "id": 638118100,
        "first_name": "\u0415\u0432\u0433\u0435\u043d\u0438\u0439",
        "username": "KEvgeniiI",
        "type": "private"
    },
    "date": 1734525675,
    "text": "book"
}

2024-12-18 15:41:17,038 - root - DEBUG - ChatState(cid=638118100, current='new', current_word=None, word_options=[], correct_option=None)
2024-12-18 15:41:17,051 - urllib3.connectionpool - DEBUG - Starting new HTTPS connection (1): api.telegram.org:443
2024-12-18 15:41:17,317 - urllib3.connectionpool - DEBUG - https://api.telegram.org:443 "POST /bot7441387618:AAExY1FJfdTln7Ij8HfYxxFaBzt280Cflf4/sendMessage?chat_id=638118100&text=%D0%9F%D1%80%D0%B8%D0%B2%D0%B5%D1%82+%D0%95%D0%B2%D0%B3%D0%B5%D0%BD%D0%B8%D0%B9%21+%F0%9F%91%8B+%0A%0A%D0%94%D0%B0%D0%B2%D0%B0%D0%B9+%D0%BF%D0%BE%D0%BF%D1%80%D0%B0%D0%BA%D1%82%D0%B8%D0%BA%D1%83%D0%B5%D0%BC%D1%81%D1%8F+%D0%B2+%D0%B0%D0%BD%D0%B3%D0%BB%D0%B8%D0%B9%D1%81%D0%BA%D0%BE%D0%BC+%D1%8F%D0%B7%D1%8B%D0%BA%D0%B5.+%D0%9C%D0%BE%D0%B6%D0%B5%D1%88%D1%8C+%D0%BE%D1%82%D0%B2%D0%B5%D1%87%D0%B0%D1%82%D1%8C+%D0%B2+%D1%83%D0%B4%D0%BE%D0%B1%D0%BD%D0%BE%D0%BC+%D0%B4%D0%BB%D1%8F+%D1%81%D0%B5%D0%B1%D1%8F+%D1%82%D0%B5%D0%BC%D0%BF%D0%B5.%0A%0A%D0%9C%D0%BE%D0%B6%D0%B5%D1%88%D1%8C+%D0%B4%D0%BE%D0%B1%D0%B0%D0%B2%D0%BB%D1%8F%D1%82%D1%8C+%D0%B8+%D1%83%D0%B4%D0%B0%D0%BB%D1%8F%D1%82%D1%8C+%D1%81%D0%BB%D0%BE%D0%B2%D0%B0.+%D0%94%D0%BB%D1%8F+%D1%8D%D1%82%D0%BE%D0%B3%D0%BE+%D0%B2%D0%BE%D1%81%D0%BF%D0%BE%D0%BB%D1%8C%D0%B7%D1%83%D0%B9%D1%81%D1%8F+%D0%BA%D0%BD%D0%BE%D0%BF%D0%BA%D0%B0%D0%BC%D0%B8+%22%D0%94%D0%BE%D0%B1%D0%B0%D0%B2%D0%B8%D1%82%D1%8C+%E2%9E%95%EF%B8%8F%22+%D0%B8%D0%BB%D0%B8+%22%D0%A3%D0%B4%D0%B0%D0%BB%D0%B8%D1%82%D1%8C+%E2%9D%8C%22.%0A%0A%D0%9D%D1%83+%D1%87%D1%82%D0%BE%2C+%D0%BD%D0%B0%D1%87%D0%BD%D1%91%D0%BC%3F+%E2%AC%87%EF%B8%8F HTTP/11" 200 1387
2024-12-18 15:41:17,329 - root - DEBUG - 21 слов в базе для пользователя 638118100
2024-12-18 15:41:17,334 - urllib3.connectionpool - DEBUG - Starting new HTTPS connection (1): api.dictionaryapi.dev:443
2024-12-18 15:41:17,971 - urllib3.connectionpool - DEBUG - https://api.dictionaryapi.dev:443 "GET /api/v2/entries/en/apple HTTP/11" 200 None
2024-12-18 15:41:18,078 - urllib3.connectionpool - DEBUG - https://api.telegram.org:443 "POST /bot7441387618:AAExY1FJfdTln7Ij8HfYxxFaBzt280Cflf4/sendMessage?chat_id=638118100&text=%D0%92%D1%8B%D0%B1%D0%B5%D1%80%D0%B8+%D0%BF%D0%B5%D1%80%D0%B5%D0%B2%D0%BE%D0%B4+%D1%81%D0%BB%D0%BE%D0%B2%D0%B0%3A%0A%0A%E2%9E%A1%EF%B8%8F+%D1%8F%D0%B1%D0%BB%D0%BE%D0%BA%D0%BE&reply_markup=%7B%22keyboard%22%3A+%5B%5B%7B%22text%22%3A+%22hand%22%7D%2C+%7B%22text%22%3A+%22fish%22%7D%5D%2C+%5B%7B%22text%22%3A+%22bird%22%7D%2C+%7B%22text%22%3A+%22apple%22%7D%5D%2C+%5B%7B%22text%22%3A+%22%5Cu041f%5Cu0440%5Cu043e%5Cu043f%5Cu0443%5Cu0441%5Cu0442%5Cu0438%5Cu0442%5Cu044c+%5Cu23ed%5Cufe0f%22%7D%2C+%7B%22text%22%3A+%22%5Cu0414%5Cu043e%5Cu0431%5Cu0430%5Cu0432%5Cu0438%5Cu0442%5Cu044c+%5Cu2795%5Cufe0f%22%7D%5D%2C+%5B%7B%22text%22%3A+%22%5Cu0423%5Cu0434%5Cu0430%5Cu043b%5Cu0438%5Cu0442%5Cu044c+%5Cu274c%22%7D%5D%5D%7D HTTP/11" 200 450
2024-12-18 15:41:18,082 - root - DEBUG - Chat state updated
2024-12-18 15:41:18,083 - root - DEBUG - ChatState(cid=638118100, current='train', current_word='яблоко', word_options=['hand', 'fish', 'bird', 'apple'], correct_option='apple')
2024-12-18 15:41:22,489 - urllib3.connectionpool - DEBUG - https://api.telegram.org:443 "GET /bot7441387618:AAExY1FJfdTln7Ij8HfYxxFaBzt280Cflf4/getUpdates?offset=969054571&timeout=20 HTTP/11" 200 371
2024-12-18 15:41:22,496 - root - DEBUG - 
Message received: <class 'telebot.types.Message'> text
    User id:    638118100  KEvgeniiI
    Chat:       638118100  private
    Text:       fish
    JSON:       
{
    "message_id": 108,
    "from": {
        "id": 638118100,
        "is_bot": false,
        "first_name": "\u0415\u0432\u0433\u0435\u043d\u0438\u0439",
        "username": "KEvgeniiI",
        "language_code": "ru"
    },
    "chat": {
        "id": 638118100,
        "first_name": "\u0415\u0432\u0433\u0435\u043d\u0438\u0439",
        "username": "KEvgeniiI",
        "type": "private"
    },
    "date": 1734525681,
    "text": "fish"
}

2024-12-18 15:41:22,583 - root - DEBUG - ChatState(cid=638118100, current='train', current_word='яблоко', word_options=['hand', 'fish', 'bird', 'apple'], correct_option='apple')
2024-12-18 15:41:22,590 - urllib3.connectionpool - DEBUG - Starting new HTTPS connection (1): api.telegram.org:443
2024-12-18 15:41:22,867 - urllib3.connectionpool - DEBUG - https://api.telegram.org:443 "POST /bot7441387618:AAExY1FJfdTln7Ij8HfYxxFaBzt280Cflf4/sendMessage?chat_id=638118100&text=%D0%9D%D0%B5%D0%B2%D0%B5%D1%80%D0%BD%D0%BE%21+%D0%9F%D0%BE%D0%BF%D1%80%D0%BE%D0%B1%D1%83%D0%B9+%D1%81%D0%BD%D0%BE%D0%B2%D0%B0 HTTP/11" 200 409
2024-12-18 15:41:42,592 - urllib3.connectionpool - DEBUG - https://api.telegram.org:443 "GET /bot7441387618:AAExY1FJfdTln7Ij8HfYxxFaBzt280Cflf4/getUpdates?offset=969054572&timeout=20 HTTP/11" 200 23
2024-12-18 15:42:02,673 - urllib3.connectionpool - DEBUG - https://api.telegram.org:443 "GET /bot7441387618:AAExY1FJfdTln7Ij8HfYxxFaBzt280Cflf4/getUpdates?offset=969054572&timeout=20 HTTP/11" 200 23
2024-12-18 15:42:22,748 - urllib3.connectionpool - DEBUG - https://api.telegram.org:443 "GET /bot7441387618:AAExY1FJfdTln7Ij8HfYxxFaBzt280Cflf4/getUpdates?offset=969054572&timeout=20 HTTP/11" 200 23
2024-12-18 15:42:42,853 - urllib3.connectionpool - DEBUG - https://api.telegram.org:443 "GET /bot7441387618:AAExY1FJfdTln7Ij8HfYxxFaBzt280Cflf4/getUpdates?offset=969054572&timeout=20 HTTP/11" 200 23
2024-12-18 15:43:02,951 - urllib3.connectionpool - DEBUG - https://api.telegram.org:443 "GET /bot7441387618:AAExY1FJfdTln7Ij8HfYxxFaBzt280Cflf4/getUpdates?offset=969054572&timeout=20 HTTP/11" 200 23
2024-12-18 15:43:23,023 - urllib3.connectionpool - DEBUG - https://api.telegram.org:443 "GET /bot7441387618:AAExY1FJfdTln7Ij8HfYxxFaBzt280Cflf4/getUpdates?offset=969054572&timeout=20 HTTP/11" 200 23
